<?xml version="1.0" encoding="UTF-8"?>
<testng-results skipped="0" failed="0" ignored="0" total="1" passed="1">
  <reporter-output>
  </reporter-output>
  <suite name="Default suite" duration-ms="12310" started-at="2021-04-10T05:52:53Z" finished-at="2021-04-10T05:53:06Z">
    <groups>
    </groups>
    <test name="Default test" duration-ms="12310" started-at="2021-04-10T05:52:53Z" finished-at="2021-04-10T05:53:06Z">
      <class name="com.hrm.testCases.LoginTest">
        <test-method status="PASS" signature="beforeSuite()[pri:0, instance:com.hrm.testCases.LoginTest@5e5792a0]" name="beforeSuite" is-config="true" duration-ms="21" started-at="2021-04-10T11:22:53Z" finished-at="2021-04-10T11:22:53Z">
          <reporter-output>
          </reporter-output>
        </test-method> <!-- beforeSuite -->
        <test-method status="PASS" signature="beforeTest()[pri:0, instance:com.hrm.testCases.LoginTest@5e5792a0]" name="beforeTest" is-config="true" duration-ms="2" started-at="2021-04-10T11:22:53Z" finished-at="2021-04-10T11:22:53Z">
          <reporter-output>
          </reporter-output>
        </test-method> <!-- beforeTest -->
        <test-method status="PASS" signature="beforeClass()[pri:0, instance:com.hrm.testCases.LoginTest@5e5792a0]" name="beforeClass" is-config="true" duration-ms="1" started-at="2021-04-10T11:22:53Z" finished-at="2021-04-10T11:22:53Z">
          <reporter-output>
          </reporter-output>
        </test-method> <!-- beforeClass -->
        <test-method status="PASS" signature="validateLoginPage()[pri:0, instance:com.hrm.testCases.LoginTest@5e5792a0]" name="validateLoginPage" duration-ms="11256" started-at="2021-04-10T11:22:53Z" finished-at="2021-04-10T11:23:05Z">
          <reporter-output>
          </reporter-output>
        </test-method> <!-- validateLoginPage -->
        <test-method status="PASS" signature="beforeMethod()[pri:0, instance:com.hrm.testCases.LoginTest@5e5792a0]" name="beforeMethod" is-config="true" duration-ms="0" started-at="2021-04-10T11:22:53Z" finished-at="2021-04-10T11:22:53Z">
          <reporter-output>
          </reporter-output>
        </test-method> <!-- beforeMethod -->
        <test-method status="PASS" signature="afterMethod()[pri:0, instance:com.hrm.testCases.LoginTest@5e5792a0]" name="afterMethod" is-config="true" duration-ms="1015" started-at="2021-04-10T11:23:05Z" finished-at="2021-04-10T11:23:06Z">
          <reporter-output>
          </reporter-output>
        </test-method> <!-- afterMethod -->
        <test-method status="PASS" signature="afterClass()[pri:0, instance:com.hrm.testCases.LoginTest@5e5792a0]" name="afterClass" is-config="true" duration-ms="1" started-at="2021-04-10T11:23:06Z" finished-at="2021-04-10T11:23:06Z">
          <reporter-output>
          </reporter-output>
        </test-method> <!-- afterClass -->
        <test-method status="PASS" signature="afterTest()[pri:0, instance:com.hrm.testCases.LoginTest@5e5792a0]" name="afterTest" is-config="true" duration-ms="1" started-at="2021-04-10T11:23:06Z" finished-at="2021-04-10T11:23:06Z">
          <reporter-output>
          </reporter-output>
        </test-method> <!-- afterTest -->
        <test-method status="PASS" signature="afterSuite()[pri:0, instance:com.hrm.testCases.LoginTest@5e5792a0]" name="afterSuite" is-config="true" duration-ms="1" started-at="2021-04-10T11:23:06Z" finished-at="2021-04-10T11:23:06Z">
          <reporter-output>
          </reporter-output>
        </test-method> <!-- afterSuite -->
      </class> <!-- com.hrm.testCases.LoginTest -->
    </test> <!-- Default test -->
  </suite> <!-- Default suite -->
</testng-results>
